<?xml version="1.0" encoding="UTF-8" ?>
<testsuite tests="28" failures="0" name="assesment.cucumber.TestRunner" time="25.913" errors="0" skipped="0">
  <properties>
    <property name="idea.version" value="2018.1.3"/>
    <property name="java.runtime.name" value="Java(TM) SE Runtime Environment"/>
    <property name="sun.boot.library.path" value="C:\Program Files\Java\jdk1.8.0_172\jre\bin"/>
    <property name="java.vm.version" value="25.172-b11"/>
    <property name="java.vm.vendor" value="Oracle Corporation"/>
    <property name="maven.multiModuleProjectDirectory" value="D:\testautomation\HEROUKAPP"/>
    <property name="java.vendor.url" value="http://java.oracle.com/"/>
    <property name="path.separator" value=";"/>
    <property name="guice.disable.misplaced.annotation.check" value="true"/>
    <property name="java.vm.name" value="Java HotSpot(TM) 64-Bit Server VM"/>
    <property name="file.encoding.pkg" value="sun.io"/>
    <property name="user.script" value=""/>
    <property name="user.country" value="GB"/>
    <property name="sun.java.launcher" value="SUN_STANDARD"/>
    <property name="sun.os.patch.level" value=""/>
    <property name="java.vm.specification.name" value="Java Virtual Machine Specification"/>
    <property name="user.dir" value="D:\testautomation\HEROUKAPP"/>
    <property name="java.runtime.version" value="1.8.0_172-b11"/>
    <property name="java.awt.graphicsenv" value="sun.awt.Win32GraphicsEnvironment"/>
    <property name="java.endorsed.dirs" value="C:\Program Files\Java\jdk1.8.0_172\jre\lib\endorsed"/>
    <property name="os.arch" value="amd64"/>
    <property name="java.io.tmpdir" value="C:\Users\DHIMAN~1\AppData\Local\Temp\"/>
    <property name="line.separator" value="
"/>
    <property name="java.vm.specification.vendor" value="Oracle Corporation"/>
    <property name="user.variant" value=""/>
    <property name="os.name" value="Windows 10"/>
    <property name="classworlds.conf" value="C:\Program Files\JetBrains\IntelliJ IDEA Community Edition 2018.1.3\plugins\maven\lib\maven3\bin\m2.conf"/>
    <property name="sun.jnu.encoding" value="Cp1252"/>
    <property name="java.library.path" value="C:\Program Files\Java\jdk1.8.0_172\bin;C:\WINDOWS\Sun\Java\bin;C:\WINDOWS\system32;C:\WINDOWS;C:\ProgramData\DockerDesktop\version-bin;C:\Program Files\Docker\Docker\Resources\bin;C:\Program Files (x86)\Common Files\Oracle\Java\javapath;C:\Program Files (x86)\Intel\iCLS Client\;C:\Program Files\Intel\iCLS Client\;C:\WINDOWS\system32;C:\WINDOWS;C:\WINDOWS\System32\Wbem;C:\WINDOWS\System32\WindowsPowerShell\v1.0\;C:\Program Files (x86)\Intel\Intel(R) Management Engine Components\DAL;C:\Program Files\Intel\Intel(R) Management Engine Components\DAL;C:\Program Files (x86)\Intel\Intel(R) Management Engine Components\IPT;C:\Program Files\Intel\Intel(R) Management Engine Components\IPT;C:\Program Files\Git\cmd;C:\WINDOWS\System32\OpenSSH\;C:\Program Files\PuTTY\;C:\apache-maven-3.5.3\bin;C:\Program Files\Java\jre1.8.0_172\bin;C:\Program Files\nodejs\;C:\Program Files\Intel\WiFi\bin\;C:\Program Files\Common Files\Intel\WirelessCommon\;C:\strawberry\c\bin;C:\strawberry\perl\bin;C:\Users\Dhimant Shah\AppData\Local\Programs\Python\Python37\Lib;C:\Program Files (x86)\Calibre2\;C:\Users\Dhimant Shah\AppData\Local\Programs\Python\Python37\Scripts\;C:\Users\Dhimant Shah\AppData\Local\Programs\Python\Python37\;C:\Users\Dhimant Shah\AppData\Local\Microsoft\WindowsApps;C:\Users\Dhimant Shah\AppData\Roaming\npm;C:\Users\Dhimant Shah\AppData\Local\atom\bin;C:\Users\Dhimant Shah\AppData\Local\Programs\Microsoft VS Code\bin;%USERPROFILE%\AppData\Local\Microsoft\WindowsApps;;."/>
    <property name="java.specification.name" value="Java Platform API Specification"/>
    <property name="java.class.version" value="52.0"/>
    <property name="sun.management.compiler" value="HotSpot 64-Bit Tiered Compilers"/>
    <property name="os.version" value="10.0"/>
    <property name="user.home" value="C:\Users\Dhimant Shah"/>
    <property name="user.timezone" value="Europe/London"/>
    <property name="java.awt.printerjob" value="sun.awt.windows.WPrinterJob"/>
    <property name="java.specification.version" value="1.8"/>
    <property name="file.encoding" value="UTF-8"/>
    <property name="user.name" value="Dhimant Shah"/>
    <property name="java.class.path" value="C:\Program Files\JetBrains\IntelliJ IDEA Community Edition 2018.1.3\plugins\maven\lib\maven3\boot\plexus-classworlds-2.5.2.jar;C:\Program Files\JetBrains\IntelliJ IDEA Community Edition 2018.1.3\lib\idea_rt.jar"/>
    <property name="java.vm.specification.version" value="1.8"/>
    <property name="sun.arch.data.model" value="64"/>
    <property name="java.home" value="C:\Program Files\Java\jdk1.8.0_172\jre"/>
    <property name="sun.java.command" value="org.codehaus.classworlds.Launcher -Didea.version=2018.1.3 test -f pom.xml"/>
    <property name="java.specification.vendor" value="Oracle Corporation"/>
    <property name="user.language" value="en"/>
    <property name="awt.toolkit" value="sun.awt.windows.WToolkit"/>
    <property name="java.vm.info" value="mixed mode"/>
    <property name="java.version" value="1.8.0_172"/>
    <property name="java.ext.dirs" value="C:\Program Files\Java\jdk1.8.0_172\jre\lib\ext;C:\WINDOWS\Sun\Java\lib\ext"/>
    <property name="sun.boot.class.path" value="C:\Program Files\Java\jdk1.8.0_172\jre\lib\resources.jar;C:\Program Files\Java\jdk1.8.0_172\jre\lib\rt.jar;C:\Program Files\Java\jdk1.8.0_172\jre\lib\sunrsasign.jar;C:\Program Files\Java\jdk1.8.0_172\jre\lib\jsse.jar;C:\Program Files\Java\jdk1.8.0_172\jre\lib\jce.jar;C:\Program Files\Java\jdk1.8.0_172\jre\lib\charsets.jar;C:\Program Files\Java\jdk1.8.0_172\jre\lib\jfr.jar;C:\Program Files\Java\jdk1.8.0_172\jre\classes"/>
    <property name="java.vendor" value="Oracle Corporation"/>
    <property name="maven.home" value="C:\Program Files\JetBrains\IntelliJ IDEA Community Edition 2018.1.3\plugins\maven\lib\maven3"/>
    <property name="file.separator" value="\"/>
    <property name="java.vendor.url.bug" value="http://bugreport.sun.com/bugreport/"/>
    <property name="sun.cpu.endian" value="little"/>
    <property name="sun.io.unicode.encoding" value="UnicodeLittle"/>
    <property name="sun.desktop" value="windows"/>
    <property name="sun.cpu.isalist" value="amd64"/>
  </properties>
  <testcase classname="| London |" name="When the request is performed using city \&quot;London\&quot;" time="0"/>
  <testcase classname="| London |" name="Then response should be 200" time="0"/>
  <testcase classname="| London |" name="And the response includes the correct data \&quot;London\&quot;" time="0"/>
  <testcase classname="| London |" name="| London |" time="0.001"/>
  <testcase classname="| Leeds |" name="When the request is performed using city \&quot;Leeds\&quot;" time="0"/>
  <testcase classname="| Leeds |" name="Then response should be 200" time="0"/>
  <testcase classname="| Leeds |" name="And the response includes the correct data \&quot;Leeds\&quot;" time="0"/>
  <testcase classname="| Leeds |" name="| Leeds |" time="0"/>
  <testcase classname="Scenario: Get Instructions" name="When the request is performed using instructions" time="0"/>
  <testcase classname="Scenario: Get Instructions" name="Then response should be 200" time="0"/>
  <testcase classname="Scenario: Get Instructions" name="And the response includes the correct message" time="0"/>
  <testcase classname="Scenario: Get Instructions" name="Scenario: Get Instructions" time="0"/>
  <testcase classname="| 1000 |" name="When the request is performed using user id \&quot;1000\&quot;" time="0"/>
  <testcase classname="| 1000 |" name="Then response should be 200" time="0"/>
  <testcase classname="| 1000 |" name="And the response includes the correct \&quot;1000\&quot;" time="0.001"/>
  <testcase classname="| 1000 |" name="| 1000 |" time="0.004"/>
  <testcase classname="| 800 |" name="When the request is performed using user id \&quot;800\&quot;" time="0"/>
  <testcase classname="| 800 |" name="Then response should be 200" time="0"/>
  <testcase classname="| 800 |" name="And the response includes the correct \&quot;800\&quot;" time="0"/>
  <testcase classname="| 800 |" name="| 800 |" time="0"/>
  <testcase classname="| 500 |" name="When the request is performed using user id \&quot;500\&quot;" time="0"/>
  <testcase classname="| 500 |" name="Then response should be 200" time="0"/>
  <testcase classname="| 500 |" name="And the response includes the correct \&quot;500\&quot;" time="0"/>
  <testcase classname="| 500 |" name="| 500 |" time="0.001"/>
  <testcase classname="Scenario: Get user by ID" name="When the request is performed to get all users" time="0"/>
  <testcase classname="Scenario: Get user by ID" name="Then response should be 200" time="0"/>
  <testcase classname="Scenario: Get user by ID" name="And the response does not include null id field" time="0"/>
  <testcase classname="Scenario: Get user by ID" name="Scenario: Get user by ID" time="0.001"/>
</testsuite>